*** Starting uWSGI 2.0.18 (64bit) on [Thu May 14 01:39:29 2020] ***
compiled with version: 4.2.1 Compatible Apple LLVM 10.0.1 (clang-1001.0.46.4) on 20 April 2020 08:25:51
os: Darwin-18.7.0 Darwin Kernel Version 18.7.0: Tue Aug 20 16:57:14 PDT 2019; root:xnu-4903.271.2~2/RELEASE_X86_64
nodename: lizejundeMacBook-Pro.local
machine: x86_64
clock source: unix
detected number of CPU cores: 12
current working directory: /Users/lizejun/Desktop/myself/dailyfresh/dailyfresh
writing pidfile to uwsgi.pid
detected binary path: /Users/lizejun/venv/tiantian1/bin/uwsgi
!!! no internal routing support, rebuild with pcre support !!!
chdir() to /Users/lizejun/Desktop/myself/dailyfresh/dailyfresh
your processes number limit is 1418
your memory page size is 4096 bytes
detected max file descriptor number: 10240
lock engine: OSX spinlocks
thunder lock: disabled (you can enable it with --thunder-lock)
uWSGI http bound on 127.0.0.1:8099 fd 4
uwsgi socket 0 bound to TCP address 127.0.0.1:56382 (port auto-assigned) fd 3
Python version: 3.6.8 (v3.6.8:3c6b436a57, Dec 24 2018, 02:04:31)  [GCC 4.2.1 Compatible Apple LLVM 6.0 (clang-600.0.57)]
Set PythonHome to /Users/lizejun/venv/tiantian1
Python main interpreter initialized at 0x7fc209013000
python threads support enabled
your server socket listen backlog is limited to 100 connections
your mercy for graceful operations on workers is 60 seconds
mapped 416560 bytes (406 KB) for 8 cores
*** Operational MODE: preforking+threaded ***
WSGI app 0 (mountpoint='') ready in 1 seconds on interpreter 0x7fc209013000 pid: 68034 (default app)
*** uWSGI is running in multiple interpreter mode ***
spawned uWSGI master process (pid: 68034)
spawned uWSGI worker 1 (pid: 68035, cores: 2)
spawned uWSGI worker 2 (pid: 68036, cores: 2)
spawned uWSGI worker 3 (pid: 68037, cores: 2)
spawned uWSGI worker 4 (pid: 68038, cores: 2)
spawned uWSGI http 1 (pid: 68039)
[pid: 68037|app: 0|req: 1/1] 127.0.0.1 () {38 vars in 754 bytes} [Thu May 14 01:39:42 2020] GET / => generated 27 bytes in 453 msecs (HTTP/1.1 500) 2 headers in 92 bytes (1 switches on core 0)
SIGINT/SIGQUIT received...killing workers...
gateway "uWSGI http 1" has been buried (pid: 68039)
worker 4 buried after 1 seconds
worker 3 buried after 1 seconds
worker 2 buried after 1 seconds
worker 1 buried after 1 seconds
goodbye to uWSGI.
*** Starting uWSGI 2.0.18 (64bit) on [Thu May 14 01:43:44 2020] ***
compiled with version: 4.2.1 Compatible Apple LLVM 10.0.1 (clang-1001.0.46.4) on 20 April 2020 08:25:51
os: Darwin-18.7.0 Darwin Kernel Version 18.7.0: Tue Aug 20 16:57:14 PDT 2019; root:xnu-4903.271.2~2/RELEASE_X86_64
nodename: lizejundeMacBook-Pro.local
machine: x86_64
clock source: unix
detected number of CPU cores: 12
current working directory: /Users/lizejun/Desktop/myself/dailyfresh/dailyfresh
writing pidfile to uwsgi.pid
detected binary path: /Users/lizejun/venv/tiantian1/bin/uwsgi
!!! no internal routing support, rebuild with pcre support !!!
chdir() to /Users/lizejun/Desktop/myself/dailyfresh/dailyfresh
your processes number limit is 1418
your memory page size is 4096 bytes
detected max file descriptor number: 10240
lock engine: OSX spinlocks
thunder lock: disabled (you can enable it with --thunder-lock)
uWSGI http bound on 127.0.0.1:8099 fd 4
uwsgi socket 0 bound to TCP address 127.0.0.1:57479 (port auto-assigned) fd 3
Python version: 3.6.8 (v3.6.8:3c6b436a57, Dec 24 2018, 02:04:31)  [GCC 4.2.1 Compatible Apple LLVM 6.0 (clang-600.0.57)]
Set PythonHome to /Users/lizejun/venv/tiantian1
Python main interpreter initialized at 0x7facdb806200
python threads support enabled
your server socket listen backlog is limited to 100 connections
your mercy for graceful operations on workers is 60 seconds
mapped 416560 bytes (406 KB) for 8 cores
*** Operational MODE: preforking+threaded ***
WSGI app 0 (mountpoint='') ready in 1 seconds on interpreter 0x7facdb806200 pid: 68077 (default app)
*** uWSGI is running in multiple interpreter mode ***
spawned uWSGI master process (pid: 68077)
spawned uWSGI worker 1 (pid: 68078, cores: 2)
spawned uWSGI worker 2 (pid: 68079, cores: 2)
spawned uWSGI worker 3 (pid: 68080, cores: 2)
spawned uWSGI worker 4 (pid: 68081, cores: 2)
spawned uWSGI http 1 (pid: 68082)
设置缓存
[pid: 68081|app: 0|req: 1/1] 127.0.0.1 () {40 vars in 785 bytes} [Thu May 14 01:43:58 2020] GET / => generated 2869 bytes in 565 msecs (HTTP/1.1 200) 4 headers in 233 bytes (1 switches on core 0)
[pid: 68081|app: 0|req: 3/2] 127.0.0.1 () {38 vars in 746 bytes} [Thu May 14 01:43:59 2020] GET /static/js/jquery-1.12.4.min.js => generated 104 bytes in 4 msecs (HTTP/1.1 404) 2 headers in 80 bytes (2 switches on core 0)
[pid: 68081|app: 0|req: 3/3] 127.0.0.1 () {38 vars in 739 bytes} [Thu May 14 01:43:59 2020] GET /static/css/main.css => generated 93 bytes in 5 msecs (HTTP/1.1 404) 2 headers in 80 bytes (2 switches on core 1)
[pid: 68080|app: 0|req: 1/4] 127.0.0.1 () {38 vars in 722 bytes} [Thu May 14 01:43:59 2020] GET /static/js/slide.js => generated 92 bytes in 299 msecs (HTTP/1.1 404) 2 headers in 80 bytes (2 switches on core 0)
[pid: 68079|app: 0|req: 2/6] 127.0.0.1 () {38 vars in 738 bytes} [Thu May 14 01:43:59 2020] GET /static/js/jquery-ui.min.js => generated 100 bytes in 302 msecs (HTTP/1.1 404) 2 headers in 80 bytes (2 switches on core 1)
[pid: 68079|app: 0|req: 2/6] 127.0.0.1 () {38 vars in 741 bytes} [Thu May 14 01:43:59 2020] GET /static/css/reset.css => generated 94 bytes in 304 msecs (HTTP/1.1 404) 2 headers in 80 bytes (2 switches on core 0)
[pid: 68079|app: 0|req: 3/7] 127.0.0.1 () {38 vars in 741 bytes} [Thu May 14 01:43:59 2020] GET /static/images/logo.png => generated 96 bytes in 1 msecs (HTTP/1.1 404) 2 headers in 80 bytes (1 switches on core 1)
[pid: 68080|app: 0|req: 2/8] 127.0.0.1 () {40 vars in 753 bytes} [Thu May 14 01:43:59 2020] GET /static/js/slide.js => generated 92 bytes in 1 msecs (HTTP/1.1 404) 2 headers in 80 bytes (1 switches on core 1)
[pid: 68081|app: 0|req: 4/9] 127.0.0.1 () {40 vars in 772 bytes} [Thu May 14 01:43:59 2020] GET /static/images/logo.png => generated 96 bytes in 1 msecs (HTTP/1.1 404) 2 headers in 80 bytes (1 switches on core 0)
SIGINT/SIGQUIT received...killing workers...
gateway "uWSGI http 1" has been buried (pid: 68082)
worker 4 buried after 1 seconds
worker 3 buried after 1 seconds
worker 2 buried after 1 seconds
worker 1 buried after 1 seconds
goodbye to uWSGI.
